<?xml version="1.0" encoding="UTF-8"?>
<!-- Generated by org.testng.reporters.JUnitXMLReporter -->
<testsuite hostname="GSD-89048532" name="Test(failed)(failed)" tests="1" failures="1" timestamp="26 Jun 2019 06:03:12 GMT" time="139.494" errors="0">
  <testcase name="TC107_RC13_Company_Information_SourcePage_Remove_From_Favorite" time="75.943" classname="com.hybridFramework.ResearchCentre.TSResearchCenter_CompanyInformation">
    <failure type="java.lang.AssertionError" message="expected [1] but found [2]">
      <![CDATA[java.lang.AssertionError: expected [1] but found [2]
	at com.hybridFramework.testBase.TestBase.Custom_verifyEventTriggeredCount(TestBase.java:653)
	at com.hybridFramework.ResearchCentre.TSResearchCenter_CompanyInformation.TC107_RC13_Company_Information_SourcePage_Remove_From_Favorite(TSResearchCenter_CompanyInformation.java:466)
... Removed 29 stack frames]]>
    </failure>
  </testcase> <!-- TC107_RC13_Company_Information_SourcePage_Remove_From_Favorite -->
</testsuite> <!-- Test(failed)(failed) -->
